<?xml version="1.0" encoding="UTF-8"?>
<testng-results ignored="0" total="1" passed="1" failed="0" skipped="0">
  <reporter-output>
  </reporter-output>
  <suite started-at="2021-06-29T08:27:32 IST" name="Suite" finished-at="2021-06-29T08:27:40 IST" duration-ms="8295">
    <groups>
    </groups>
    <test started-at="2021-06-29T08:27:32 IST" name="Test" finished-at="2021-06-29T08:27:40 IST" duration-ms="8295">
      <class name="com.test.automation.test.SampleTest">
        <test-method is-config="true" signature="setup()[pri:0, instance:com.test.automation.test.SampleTest@3c0be339]" started-at="2021-06-29T08:27:32 IST" name="setup" finished-at="2021-06-29T08:27:34 IST" duration-ms="2436" status="PASS">
          <reporter-output>
          </reporter-output>
        </test-method> <!-- setup -->
        <test-method signature="TestURL()[pri:0, instance:com.test.automation.test.SampleTest@3c0be339]" started-at="2021-06-29T08:27:34 IST" name="TestURL" finished-at="2021-06-29T08:27:39 IST" duration-ms="5126" status="PASS">
          <reporter-output>
          </reporter-output>
        </test-method> <!-- TestURL -->
        <test-method is-config="true" signature="tearDown()[pri:0, instance:com.test.automation.test.SampleTest@3c0be339]" started-at="2021-06-29T08:27:39 IST" name="tearDown" finished-at="2021-06-29T08:27:40 IST" duration-ms="705" status="PASS">
          <reporter-output>
          </reporter-output>
        </test-method> <!-- tearDown -->
      </class> <!-- com.test.automation.test.SampleTest -->
    </test> <!-- Test -->
  </suite> <!-- Suite -->
</testng-results>
