<?xml version="1.0" encoding="UTF-8"?>
<testng-results ignored="0" total="1" passed="1" failed="0" skipped="0">
  <reporter-output>
  </reporter-output>
  <suite started-at="2021-06-28T20:16:26 IST" name="Default suite" finished-at="2021-06-28T20:16:33 IST" duration-ms="7681">
    <groups>
    </groups>
    <test started-at="2021-06-28T20:16:26 IST" name="Default test" finished-at="2021-06-28T20:16:33 IST" duration-ms="7681">
      <class name="com.test.automation.test.SampleTest">
        <test-method is-config="true" signature="setup()[pri:0, instance:com.test.automation.test.SampleTest@740773a3]" started-at="2021-06-28T20:16:26 IST" name="setup" finished-at="2021-06-28T20:16:28 IST" duration-ms="2106" status="PASS">
          <reporter-output>
          </reporter-output>
        </test-method> <!-- setup -->
        <test-method signature="TestURL()[pri:0, instance:com.test.automation.test.SampleTest@740773a3]" started-at="2021-06-28T20:16:28 IST" name="TestURL" finished-at="2021-06-28T20:16:33 IST" duration-ms="4818" status="PASS">
          <reporter-output>
          </reporter-output>
        </test-method> <!-- TestURL -->
        <test-method is-config="true" signature="tearDown()[pri:0, instance:com.test.automation.test.SampleTest@740773a3]" started-at="2021-06-28T20:16:33 IST" name="tearDown" finished-at="2021-06-28T20:16:33 IST" duration-ms="723" status="PASS">
          <reporter-output>
          </reporter-output>
        </test-method> <!-- tearDown -->
      </class> <!-- com.test.automation.test.SampleTest -->
    </test> <!-- Default test -->
  </suite> <!-- Default suite -->
</testng-results>
